2019/10/05 16:05:31 Main: Join the group
2019/10/05 16:05:31 Updater: Current List is: 
2019/10/05 16:05:31 []
2019/10/05 16:05:31 Updater: New List is: 
2019/10/05 16:05:31 [fa19-cs425-g73-01.cs.illinois.edu:20191005160531]
2019/10/05 16:05:36 Introducer: JoinMsg Received from Node: fa19-cs425-g73-03.cs.illinois.edu:20191005160536...
2019/10/05 16:05:36 Updater: Current List is: 
2019/10/05 16:05:36 [fa19-cs425-g73-01.cs.illinois.edu:20191005160531]
2019/10/05 16:05:36 Updater: New List is: 
2019/10/05 16:05:36 [fa19-cs425-g73-01.cs.illinois.edu:20191005160531 fa19-cs425-g73-03.cs.illinois.edu:20191005160536]
2019/10/05 16:05:36 Introducer: JoinAck Sent to Node: fa19-cs425-g73-03.cs.illinois.edu:20191005160536...
2019/10/05 16:07:52 Main: Join the group
2019/10/05 16:07:52 Updater: Current List is: 
2019/10/05 16:07:52 []
2019/10/05 16:07:52 Updater: New List is: 
2019/10/05 16:07:52 [fa19-cs425-g73-01.cs.illinois.edu:20191005160752]
2019/10/05 16:07:54 Introducer: JoinMsg Received from Node: fa19-cs425-g73-03.cs.illinois.edu:20191005160754...
2019/10/05 16:07:54 Updater: Current List is: 
2019/10/05 16:07:54 [fa19-cs425-g73-01.cs.illinois.edu:20191005160752]
2019/10/05 16:07:54 Updater: New List is: 
2019/10/05 16:07:54 [fa19-cs425-g73-01.cs.illinois.edu:20191005160752 fa19-cs425-g73-03.cs.illinois.edu:20191005160754]
2019/10/05 16:07:54 Introducer: JoinAck Sent to Node: fa19-cs425-g73-03.cs.illinois.edu:20191005160754...
