2019/10/05 22:19:11 Main: Join the group
2019/10/05 22:19:11 Updater: Current Membership Length is: 0...
 
2019/10/05 22:19:11 Updater: Current List is: 
2019/10/05 22:19:11 []
2019/10/05 22:19:11 Updater: New List is: 
2019/10/05 22:19:11 [fa19-cs425-g73-01.cs.illinois.edu:20191005221911]
2019/10/05 22:19:11 Introducer: Listening on port 8886
2019/10/05 22:19:11 Introducer: Works!!
2019/10/05 22:19:12 Updater: Current Membership Length is: 1...
 
2019/10/05 22:19:12 Updater: Membership List has member: fa19-cs425-g73-01.cs.illinois.edu:20191005221911...
2019/10/05 22:19:13 Updater: Current Membership Length is: 1...
 
2019/10/05 22:19:13 Updater: Membership List has member: fa19-cs425-g73-01.cs.illinois.edu:20191005221911...
2019/10/05 22:19:14 Updater: Current Membership Length is: 1...
 
2019/10/05 22:19:14 Updater: Membership List has member: fa19-cs425-g73-01.cs.illinois.edu:20191005221911...
2019/10/05 22:19:15 Updater: Current Membership Length is: 1...
 
2019/10/05 22:19:15 Updater: Membership List has member: fa19-cs425-g73-01.cs.illinois.edu:20191005221911...
2019/10/05 22:19:16 Updater: Current Membership Length is: 1...
 
2019/10/05 22:19:16 Updater: Membership List has member: fa19-cs425-g73-01.cs.illinois.edu:20191005221911...
2019/10/05 22:19:17 Updater: Current Membership Length is: 1...
 
2019/10/05 22:19:17 Updater: Membership List has member: fa19-cs425-g73-01.cs.illinois.edu:20191005221911...
2019/10/05 22:19:18 Updater: Current Membership Length is: 1...
 
2019/10/05 22:19:18 Updater: Membership List has member: fa19-cs425-g73-01.cs.illinois.edu:20191005221911...
2019/10/05 22:19:19 Updater: Current Membership Length is: 1...
 
2019/10/05 22:19:19 Updater: Membership List has member: fa19-cs425-g73-01.cs.illinois.edu:20191005221911...
2019/10/05 22:19:20 Updater: Current Membership Length is: 1...
 
2019/10/05 22:19:20 Updater: Membership List has member: fa19-cs425-g73-01.cs.illinois.edu:20191005221911...
2019/10/05 22:20:28 Main: Join the group
2019/10/05 22:20:28 Updater: Current Membership Length is: 0...
 
2019/10/05 22:20:28 Updater: Current List is: 
2019/10/05 22:20:28 []
2019/10/05 22:20:28 Updater: New List is: 
2019/10/05 22:20:28 [fa19-cs425-g73-01.cs.illinois.edu:20191005222028]
2019/10/05 22:20:28 Introducer: Listening on port 8886
2019/10/05 22:20:28 Introducer: Works!!
2019/10/05 22:20:29 Updater: Current Membership Length is: 1...
 
2019/10/05 22:20:29 Updater: Membership List has member: fa19-cs425-g73-01.cs.illinois.edu:20191005222028...
2019/10/05 22:20:30 Updater: Current Membership Length is: 1...
 
2019/10/05 22:20:30 Updater: Membership List has member: fa19-cs425-g73-01.cs.illinois.edu:20191005222028...
2019/10/05 22:20:31 Updater: Current Membership Length is: 1...
 
2019/10/05 22:20:31 Updater: Membership List has member: fa19-cs425-g73-01.cs.illinois.edu:20191005222028...
2019/10/05 22:20:32 Updater: Current Membership Length is: 1...
 
2019/10/05 22:20:32 Updater: Membership List has member: fa19-cs425-g73-01.cs.illinois.edu:20191005222028...
2019/10/05 22:20:33 Updater: Current Membership Length is: 1...
 
2019/10/05 22:20:33 Updater: Membership List has member: fa19-cs425-g73-01.cs.illinois.edu:20191005222028...
2019/10/05 22:20:34 Updater: Current Membership Length is: 1...
 
2019/10/05 22:20:34 Updater: Membership List has member: fa19-cs425-g73-01.cs.illinois.edu:20191005222028...
2019/10/05 22:20:34 Introducer: JoinMsg Received from Node: fa19-cs425-g73-02.cs.illinois.edu:20191005222034...
2019/10/05 22:20:34 Updater: Current List is: 
2019/10/05 22:20:34 [fa19-cs425-g73-01.cs.illinois.edu:20191005222028]
2019/10/05 22:20:34 Updater: New List is: 
2019/10/05 22:20:34 [fa19-cs425-g73-01.cs.illinois.edu:20191005222028 fa19-cs425-g73-02.cs.illinois.edu:20191005222034]
2019/10/05 22:20:34 Introducer: JoinAck Sent to Node: fa19-cs425-g73-02.cs.illinois.edu:20191005222034...
2019/10/05 22:20:34 Introducer: Works!!
2019/10/05 22:20:35 Updater: Current Membership Length is: 2...
 
2019/10/05 22:20:35 Updater: Membership List has member: fa19-cs425-g73-01.cs.illinois.edu:20191005222028...
2019/10/05 22:20:35 Updater: Membership List has member: fa19-cs425-g73-02.cs.illinois.edu:20191005222034...
2019/10/05 22:20:36 Updater: Current Membership Length is: 2...
 
2019/10/05 22:20:36 Updater: Membership List has member: fa19-cs425-g73-01.cs.illinois.edu:20191005222028...
2019/10/05 22:20:36 Updater: Membership List has member: fa19-cs425-g73-02.cs.illinois.edu:20191005222034...
2019/10/05 22:20:37 Updater: Current Membership Length is: 2...
 
2019/10/05 22:20:37 Updater: Membership List has member: fa19-cs425-g73-01.cs.illinois.edu:20191005222028...
2019/10/05 22:20:37 Updater: Membership List has member: fa19-cs425-g73-02.cs.illinois.edu:20191005222034...
2019/10/05 22:20:38 Updater: Current Membership Length is: 2...
 
2019/10/05 22:20:38 Updater: Membership List has member: fa19-cs425-g73-01.cs.illinois.edu:20191005222028...
2019/10/05 22:20:38 Updater: Membership List has member: fa19-cs425-g73-02.cs.illinois.edu:20191005222034...
2019/10/05 22:20:39 Updater: Current Membership Length is: 2...
 
2019/10/05 22:20:39 Updater: Membership List has member: fa19-cs425-g73-01.cs.illinois.edu:20191005222028...
2019/10/05 22:20:39 Updater: Membership List has member: fa19-cs425-g73-02.cs.illinois.edu:20191005222034...
2019/10/05 22:20:40 Updater: Current Membership Length is: 2...
 
2019/10/05 22:20:40 Updater: Membership List has member: fa19-cs425-g73-01.cs.illinois.edu:20191005222028...
2019/10/05 22:20:40 Updater: Membership List has member: fa19-cs425-g73-02.cs.illinois.edu:20191005222034...
2019/10/05 22:20:41 Updater: Current Membership Length is: 2...
 
2019/10/05 22:20:41 Updater: Membership List has member: fa19-cs425-g73-01.cs.illinois.edu:20191005222028...
2019/10/05 22:20:41 Updater: Membership List has member: fa19-cs425-g73-02.cs.illinois.edu:20191005222034...
2019/10/05 22:20:42 Updater: Current Membership Length is: 2...
 
2019/10/05 22:20:42 Updater: Membership List has member: fa19-cs425-g73-01.cs.illinois.edu:20191005222028...
2019/10/05 22:20:42 Updater: Membership List has member: fa19-cs425-g73-02.cs.illinois.edu:20191005222034...
2019/10/05 22:20:43 Updater: Current Membership Length is: 2...
 
2019/10/05 22:20:43 Updater: Membership List has member: fa19-cs425-g73-01.cs.illinois.edu:20191005222028...
2019/10/05 22:20:43 Updater: Membership List has member: fa19-cs425-g73-02.cs.illinois.edu:20191005222034...
2019/10/05 22:20:44 Updater: Current Membership Length is: 2...
 
2019/10/05 22:20:44 Updater: Membership List has member: fa19-cs425-g73-01.cs.illinois.edu:20191005222028...
2019/10/05 22:20:44 Updater: Membership List has member: fa19-cs425-g73-02.cs.illinois.edu:20191005222034...
