2019/10/30 21:15:49 Main: Join the group
2019/10/30 21:15:49 read udp 172.22.152.246:59809->172.22.154.242:8888: read: connection refused
2019/10/30 21:15:49 read udp 172.22.152.246:57130->172.22.156.242:8888: read: connection refused
2019/10/30 21:15:49 read udp 172.22.152.246:60893->172.22.152.249:8888: read: connection refused
2019/10/30 21:15:49 addNode(): Adding nodeID fa19-cs425-g73-01.cs.illinois.edu:20191030211549...
2019/10/30 21:15:49 addNode(): Successfully added!
2019/10/30 21:15:49 Updater: New List is: 
2019/10/30 21:15:49 [fa19-cs425-g73-01.cs.illinois.edu:20191030211549]
2019/10/30 21:15:49 ===New Added Node:fa19-cs425-g73-01.cs.illinois.edu:20191030211549
2019/10/30 21:15:49 ===Re-replicate returned!!
2019/10/30 21:15:53 Introducer: JoinMsg Received from Node: fa19-cs425-g73-04.cs.illinois.edu:20191030211553...
2019/10/30 21:15:53 addNode(): Adding nodeID fa19-cs425-g73-04.cs.illinois.edu:20191030211553...
2019/10/30 21:15:53 addNode(): Successfully added!
2019/10/30 21:15:53 Updater: New List is: 
2019/10/30 21:15:53 [fa19-cs425-g73-01.cs.illinois.edu:20191030211549 fa19-cs425-g73-04.cs.illinois.edu:20191030211553]
2019/10/30 21:15:53 ===New Added Node:fa19-cs425-g73-04.cs.illinois.edu:20191030211553
2019/10/30 21:15:53 ===Re-replicate returned!!
2019/10/30 21:15:53 Introducer: JoinAck Sent to Node: fa19-cs425-g73-04.cs.illinois.edu:20191030211553...
2019/10/30 21:15:58 Introducer: JoinMsg Received from Node: fa19-cs425-g73-03.cs.illinois.edu:20191030211558...
2019/10/30 21:15:58 Sender:Sent Introduce to Monitor: fa19-cs425-g73-04.cs.illinois.edu:20191030211553...
2019/10/30 21:15:58 addNode(): Adding nodeID fa19-cs425-g73-03.cs.illinois.edu:20191030211558...
2019/10/30 21:15:58 addNode(): Successfully added!
2019/10/30 21:15:58 Updater: New List is: 
2019/10/30 21:15:58 [fa19-cs425-g73-01.cs.illinois.edu:20191030211549 fa19-cs425-g73-03.cs.illinois.edu:20191030211558 fa19-cs425-g73-04.cs.illinois.edu:20191030211553]
2019/10/30 21:15:58 ===New Added Node:fa19-cs425-g73-03.cs.illinois.edu:20191030211558
2019/10/30 21:15:58 ===Re-replicate returned!!
2019/10/30 21:15:58 Introducer: JoinAck Sent to Node: fa19-cs425-g73-03.cs.illinois.edu:20191030211558...
2019/10/30 21:16:10 GetReplica succeed! datanodeList'size is: %d!!
 3
2019/10/30 21:16:10 **namenode**: Insert sdfsfile: p2 to fa19-cs425-g73-01.cs.illinois.edu:20191030211549 from fa19-cs425-g73-04.cs.illinois.edu
2019/10/30 21:16:10 **namenode**: Insert sdfsfile: p2 to fa19-cs425-g73-03.cs.illinois.edu:20191030211558 from fa19-cs425-g73-04.cs.illinois.edu
2019/10/30 21:16:10 **namenode**: Insert sdfsfile: p2 to fa19-cs425-g73-04.cs.illinois.edu:20191030211553 from fa19-cs425-g73-04.cs.illinois.edu
2019/10/30 21:16:10 ====Store sdfsfile: filename = SDFS/sdfsFile/p2, size = 4194304, source = fa19-cs425-g73-04.cs.illinois.edu
2019/10/30 21:16:25 Main: Show all files
